<?xml version="1.0" encoding="UTF-8"?>
<!-- Generated by org.testng.reporters.JUnitReportReporter -->
<testsuite skipped="0" hostname="Jayashrees-MacBook-Air.local" name="SNSapi" tests="1" failures="0" timestamp="08 Jan 2021 10:14:54 GMT" time="5.232" errors="0">
  <testcase name="SNSapipractice" time="5.232" classname="SNSapi"/>
</testsuite> <!-- SNSapi -->
