<?xml version="1.0" encoding="UTF-8"?>
<!-- Generated by org.testng.reporters.JUnitReportReporter -->
<testsuite skipped="0" hostname="Jayashrees-MacBook-Air.local" name="poJOPractice_Add_update_Place" tests="1" failures="0" timestamp="09 Jan 2021 08:37:22 GMT" time="10.282" errors="0">
  <testcase name="AddUpdatePlace" time="10.282" classname="poJOPractice_Add_update_Place"/>
</testsuite> <!-- poJOPractice_Add_update_Place -->
