<?xml version="1.0" encoding="UTF-8"?>
<!-- Generated by org.testng.reporters.JUnitReportReporter -->
<testsuite skipped="0" hostname="Jayashrees-MacBook-Air.local" name="RequestResponseSpecBuilder" tests="1" failures="0" timestamp="10 Jan 2021 07:18:05 GMT" time="4.926" errors="0">
  <testcase name="ReqResSpecBuilder" time="4.926" classname="RequestResponseSpecBuilder"/>
</testsuite> <!-- RequestResponseSpecBuilder -->
